<?xml version="1.0" encoding="UTF-8"?>
<!-- Generated by org.testng.reporters.JUnitXMLReporter -->
<testsuite ignored="0" hostname="DESKTOP-7GC80RQ" failures="1" tests="1" name="SampleTest" time="231.877" errors="0" timestamp="2021-12-24T16:14:15 TRT">
  <testcase classname="Tests.T_1_Compare_Cities" name="CheckMyFavouritesPage" time="182.347">
    <failure type="org.openqa.selenium.NoSuchElementException" message="An element could not be located on the page using the given search parameters.
For documentation on this error, please visit: https://www.seleniumhq.org/exceptions/no_such_element.html
Build info: version: &amp;apos;3.141.59&amp;apos;, revision: &amp;apos;e82be7d358&amp;apos;, time: &amp;apos;2018-11-14T08:17:03&amp;apos;
System info: host: &amp;apos;DESKTOP-7GC80RQ&amp;apos;, ip: &amp;apos;192.168.1.104&amp;apos;, os.name: &amp;apos;Windows 10&amp;apos;, os.arch: &amp;apos;amd64&amp;apos;, os.version: &amp;apos;10.0&amp;apos;, java.version: &amp;apos;17.0.1&amp;apos;
Driver info: io.appium.java_client.android.AndroidDriver
Capabilities {appActivity: com.hepsiburada.ui.startup...., appPackage: com.pozitron.hepsiburada, databaseEnabled: false, desired: {appActivity: com.hepsiburada.ui.startup...., appPackage: com.pozitron.hepsiburada, deviceName: 4d8acec0, newCommandTimeout: 0, platformName: android, platformVersion: 10}, deviceApiLevel: 29, deviceManufacturer: Xiaomi, deviceModel: MI 9, deviceName: 4d8acec0, deviceScreenDensity: 440, deviceScreenSize: 1080x2340, deviceUDID: 4d8acec0, javascriptEnabled: true, locationContextEnabled: false, networkConnectionEnabled: true, newCommandTimeout: 0, pixelRatio: 2.75, platform: LINUX, platformName: Android, platformVersion: 10, statBarHeight: 75, takesScreenshot: true, viewportRect: {height: 2146, left: 0, top: 75, width: 1080}, warnings: {}, webStorageEnabled: false}
Session ID: 79b0ac01-0328-431b-aad0-e56a1bffc16f
*** Element info: {Using=xpath, value=//android.view.View[@content-desc=&amp;quot;123&amp;quot;]/android.view.View/android.view.View/android.view.View}">
      <![CDATA[org.openqa.selenium.NoSuchElementException: An element could not be located on the page using the given search parameters.
For documentation on this error, please visit: https://www.seleniumhq.org/exceptions/no_such_element.html
Build info: version: '3.141.59', revision: 'e82be7d358', time: '2018-11-14T08:17:03'
System info: host: 'DESKTOP-7GC80RQ', ip: '192.168.1.104', os.name: 'Windows 10', os.arch: 'amd64', os.version: '10.0', java.version: '17.0.1'
Driver info: io.appium.java_client.android.AndroidDriver
Capabilities {appActivity: com.hepsiburada.ui.startup...., appPackage: com.pozitron.hepsiburada, databaseEnabled: false, desired: {appActivity: com.hepsiburada.ui.startup...., appPackage: com.pozitron.hepsiburada, deviceName: 4d8acec0, newCommandTimeout: 0, platformName: android, platformVersion: 10}, deviceApiLevel: 29, deviceManufacturer: Xiaomi, deviceModel: MI 9, deviceName: 4d8acec0, deviceScreenDensity: 440, deviceScreenSize: 1080x2340, deviceUDID: 4d8acec0, javascriptEnabled: true, locationContextEnabled: false, networkConnectionEnabled: true, newCommandTimeout: 0, pixelRatio: 2.75, platform: LINUX, platformName: Android, platformVersion: 10, statBarHeight: 75, takesScreenshot: true, viewportRect: {height: 2146, left: 0, top: 75, width: 1080}, warnings: {}, webStorageEnabled: false}
Session ID: 79b0ac01-0328-431b-aad0-e56a1bffc16f
*** Element info: {Using=xpath, value=//android.view.View[@content-desc="123"]/android.view.View/android.view.View/android.view.View}
at org.openqa.selenium.remote.http.W3CHttpResponseCodec.createException(W3CHttpResponseCodec.java:187)
at org.openqa.selenium.remote.http.W3CHttpResponseCodec.decode(W3CHttpResponseCodec.java:122)
at org.openqa.selenium.remote.http.W3CHttpResponseCodec.decode(W3CHttpResponseCodec.java:49)
at org.openqa.selenium.remote.HttpCommandExecutor.execute(HttpCommandExecutor.java:158)
at io.appium.java_client.remote.AppiumCommandExecutor.execute(AppiumCommandExecutor.java:247)
at org.openqa.selenium.remote.RemoteWebDriver.execute(RemoteWebDriver.java:552)
at io.appium.java_client.DefaultGenericMobileDriver.execute(DefaultGenericMobileDriver.java:41)
at io.appium.java_client.AppiumDriver.execute(AppiumDriver.java:1)
at io.appium.java_client.android.AndroidDriver.execute(AndroidDriver.java:1)
at org.openqa.selenium.remote.RemoteWebDriver.findElement(RemoteWebDriver.java:323)
at io.appium.java_client.DefaultGenericMobileDriver.findElement(DefaultGenericMobileDriver.java:61)
at io.appium.java_client.AppiumDriver.findElement(AppiumDriver.java:1)
at io.appium.java_client.android.AndroidDriver.findElement(AndroidDriver.java:1)
at org.openqa.selenium.remote.RemoteWebDriver.findElementByXPath(RemoteWebDriver.java:428)
at io.appium.java_client.DefaultGenericMobileDriver.findElementByXPath(DefaultGenericMobileDriver.java:151)
at io.appium.java_client.AppiumDriver.findElementByXPath(AppiumDriver.java:1)
at io.appium.java_client.android.AndroidDriver.findElementByXPath(AndroidDriver.java:1)
at org.openqa.selenium.By$ByXPath.findElement(By.java:353)
at org.openqa.selenium.remote.RemoteWebDriver.findElement(RemoteWebDriver.java:315)
at io.appium.java_client.DefaultGenericMobileDriver.findElement(DefaultGenericMobileDriver.java:57)
at io.appium.java_client.AppiumDriver.findElement(AppiumDriver.java:1)
at io.appium.java_client.android.AndroidDriver.findElement(AndroidDriver.java:1)
at steps.StepDefinitions.ClickOnWithXpath(StepDefinitions.java:32)
at Tests.T_1_Compare_Cities.CheckMyFavouritesPage(T_1_Compare_Cities.java:128)
at java.base/java.util.ArrayList.forEach(ArrayList.java:1511)
... Removed 32 stack frames]]>
    </failure>
  </testcase> <!-- CheckMyFavouritesPage -->
</testsuite> <!-- SampleTest -->
